<?xml version="1.0" encoding="UTF-8"?>
<!-- Generated by org.testng.reporters.JUnitReportReporter -->
<testsuite hostname="AnnieSneha" failures="0" tests="13" name="test.FinalTest" time="120.341" errors="0" timestamp="2024-09-01T20:32:53 IST" skipped="0">
  <testcase classname="test.FinalTest" name="Mens_Search" time="7.260"/>
  <testcase classname="test.FinalTest" name="Womens_Dress" time="8.550"/>
  <testcase classname="test.FinalTest" name="Womens_Kurthi" time="6.957"/>
  <testcase classname="test.FinalTest" name="SortBy" time="17.172"/>
  <testcase classname="test.FinalTest" name="Womens_Nbrand" time="10.101"/>
  <testcase classname="test.FinalTest" name="Womens_NPrice" time="7.969"/>
  <testcase classname="test.FinalTest" name="Womens_NTypes" time="7.196"/>
  <testcase classname="test.FinalTest" name="Womens_NPcs" time="7.526"/>
  <testcase classname="test.FinalTest" name="Womens_NAll" time="8.256"/>
  <testcase classname="test.FinalTest" name="CompareItems" time="9.802"/>
  <testcase classname="test.FinalTest" name="Search_Mall" time="9.865"/>
  <testcase classname="test.FinalTest" name="Womans_Kurthi" time="9.594"/>
  <testcase classname="test.FinalTest" name="Womens_ShawlsCEF" time="10.093"/>
</testsuite> <!-- test.FinalTest -->
