<?xml version="1.0" encoding="UTF-8"?>
<!-- Generated by org.testng.reporters.JUnitReportReporter -->
<testsuite hostname="AnnieSneha" failures="0" tests="15" name="runner.TestRunner" time="180.975" errors="0" timestamp="2024-09-01T20:37:37 IST" skipped="0">
  <testcase classname="runner.TestRunner" name="runScenario" time="14.533"/>
  <testcase classname="runner.TestRunner" name="runScenario" time="12.925"/>
  <testcase classname="runner.TestRunner" name="runScenario" time="8.268"/>
  <testcase classname="runner.TestRunner" name="runScenario" time="6.932"/>
  <testcase classname="runner.TestRunner" name="runScenario" time="21.970"/>
  <testcase classname="runner.TestRunner" name="runScenario" time="13.028"/>
  <testcase classname="runner.TestRunner" name="runScenario" time="12.141"/>
  <testcase classname="runner.TestRunner" name="runScenario" time="6.348"/>
  <testcase classname="runner.TestRunner" name="runScenario" time="8.368"/>
  <testcase classname="runner.TestRunner" name="runScenario" time="8.303"/>
  <testcase classname="runner.TestRunner" name="runScenario" time="8.079"/>
  <testcase classname="runner.TestRunner" name="runScenario" time="15.266"/>
  <testcase classname="runner.TestRunner" name="runScenario" time="29.738"/>
  <testcase classname="runner.TestRunner" name="runScenario" time="8.035"/>
  <testcase classname="runner.TestRunner" name="runScenario" time="7.041"/>
</testsuite> <!-- runner.TestRunner -->
