<?xml version="1.0" encoding="UTF-8"?>
<!-- Generated by org.testng.reporters.JUnitReportReporter -->
<testsuite hostname="AnnieSneha" failures="0" tests="4" name="runner.TestRunner" time="58.015" errors="0" timestamp="2024-08-31T23:53:04 IST" skipped="0">
  <testcase classname="runner.TestRunner" name="runScenario" time="27.307"/>
  <testcase classname="runner.TestRunner" name="runScenario" time="7.823"/>
  <testcase classname="runner.TestRunner" name="runScenario" time="12.390"/>
  <testcase classname="runner.TestRunner" name="runScenario" time="10.495"/>
</testsuite> <!-- runner.TestRunner -->
